<?xml version="1.0" encoding="UTF-8"?>
<!-- Generated by org.testng.reporters.JUnitXMLReporter -->
<testsuite ignored="2" hostname="User" failures="0" tests="1" name="Default test" time="0.072" errors="0" timestamp="2024-11-13T13:11:36 IST">
  <testcase classname="Contact.contactTest" name="getData_Test" time="0.019"/>
  <testcase classname="Contact.contactTest" name="regressionTest" time="0.0">
    <ignored/>
  </testcase> <!-- regressionTest -->
  <testcase classname="Contact.contactTest" name="smokeTest" time="0.0">
    <ignored/>
  </testcase> <!-- smokeTest -->
</testsuite> <!-- Default test -->
