<?xml version="1.0" encoding="UTF-8"?>
<!-- Generated by org.testng.reporters.JUnitXMLReporter -->
<testsuite ignored="0" hostname="User" failures="0" tests="12" name="Test" time="0.165" errors="0" timestamp="2024-11-12T17:14:33 IST">
  <testcase classname="Package1.PracticeClass" name="prectiseSession" time="0.015"/>
  <testcase classname="Package.DummyClass" name="dummyMethod" time="0.002"/>
  <testcase classname="Package.DummyMavenClass" name="practiceClass" time="0.002"/>
  <testcase classname="Package1.PracticeTest" name="Test3" time="0.003"/>
  <testcase classname="Package1.PracticeTest" name="Test4" time="0.002"/>
  <testcase classname="Contact.contactTest" name="regressionTest" time="0.007"/>
  <testcase classname="Contact.contactTest" name="smokeTest" time="0.008"/>
  <testcase classname="Package1.NewclassTest" name="test1" time="0.002"/>
  <testcase classname="Package1.NewclassTest" name="test3" time="0.003"/>
  <testcase classname="Organisation.OrganisationTest" name="regressionTest" time="0.001"/>
  <testcase classname="Organisation.OrganisationTest" name="smokeTest" time="0.002"/>
  <testcase classname="Package.NewClass" name="newClass" time="0.002"/>
</testsuite> <!-- Test -->
