<?xml version="1.0" encoding="UTF-8"?>
<testng-results ignored="0" total="2" passed="2" failed="0" skipped="0">
  <reporter-output>
  </reporter-output>
  <suite started-at="2024-11-13T10:32:43 IST" name="Default suite" finished-at="2024-11-13T10:32:43 IST" duration-ms="69">
    <groups>
      <group name="regression">
        <method signature="OrganisationTest.regressionTest()[pri:0, instance:Organisation.OrganisationTest@399f45b1]" name="regressionTest" class="Organisation.OrganisationTest"/>
      </group> <!-- regression -->
      <group name="smoke">
        <method signature="OrganisationTest.smokeTest()[pri:0, instance:Organisation.OrganisationTest@399f45b1]" name="smokeTest" class="Organisation.OrganisationTest"/>
      </group> <!-- smoke -->
    </groups>
    <test started-at="2024-11-13T10:32:43 IST" name="Default test" finished-at="2024-11-13T10:32:43 IST" duration-ms="69">
      <class name="Organisation.OrganisationTest">
        <test-method signature="regressionTest()[pri:0, instance:Organisation.OrganisationTest@399f45b1]" started-at="2024-11-13T10:32:43 IST" name="regressionTest" finished-at="2024-11-13T10:32:43 IST" duration-ms="21" status="PASS">
          <reporter-output>
          </reporter-output>
        </test-method> <!-- regressionTest -->
        <test-method signature="smokeTest()[pri:0, instance:Organisation.OrganisationTest@399f45b1]" started-at="2024-11-13T10:32:43 IST" name="smokeTest" finished-at="2024-11-13T10:32:43 IST" duration-ms="1" status="PASS">
          <reporter-output>
          </reporter-output>
        </test-method> <!-- smokeTest -->
      </class> <!-- Organisation.OrganisationTest -->
    </test> <!-- Default test -->
  </suite> <!-- Default suite -->
</testng-results>
