<?xml version="1.0" encoding="UTF-8"?>
<testng-results ignored="2" total="3" passed="1" failed="0" skipped="0">
  <reporter-output>
  </reporter-output>
  <suite started-at="2024-11-13T13:11:36 IST" name="Default suite" finished-at="2024-11-13T13:11:36 IST" duration-ms="72">
    <groups>
      <group name="regression">
        <method signature="contactTest.getData_Test()[pri:0, instance:Contact.contactTest@7e07db1f]" name="getData_Test" class="Contact.contactTest"/>
      </group> <!-- regression -->
      <group name="smoke">
        <method signature="contactTest.getData_Test()[pri:0, instance:Contact.contactTest@7e07db1f]" name="getData_Test" class="Contact.contactTest"/>
      </group> <!-- smoke -->
    </groups>
    <test started-at="2024-11-13T13:11:36 IST" name="Default test" finished-at="2024-11-13T13:11:36 IST" duration-ms="72">
      <class name="Contact.contactTest">
        <test-method signature="getData_Test()[pri:0, instance:Contact.contactTest@7e07db1f]" started-at="2024-11-13T13:11:36 IST" name="getData_Test" finished-at="2024-11-13T13:11:36 IST" duration-ms="19" status="PASS">
          <reporter-output>
          </reporter-output>
        </test-method> <!-- getData_Test -->
      </class> <!-- Contact.contactTest -->
    </test> <!-- Default test -->
  </suite> <!-- Default suite -->
</testng-results>
